<?xml version="1.0" encoding="UTF-8"?>
<coverage generated="1590349095718" clover="3.2.0">
  <project timestamp="1590349095718" name="All files">
    <metrics statements="80" coveredstatements="67" conditionals="19" coveredconditionals="13" methods="35" coveredmethods="27" elements="134" coveredelements="107" complexity="0" loc="80" ncloc="80" packages="12" files="18" classes="18"/>
    <package name="src">
      <metrics statements="2" coveredstatements="0" conditionals="0" coveredconditionals="0" methods="0" coveredmethods="0"/>
      <file name="index.js" path="C:\Users\mvibhaga\Documents\XT\xt-flt-pre\src\index.js">
        <metrics statements="2" coveredstatements="0" conditionals="0" coveredconditionals="0" methods="0" coveredmethods="0"/>
        <line num="7" count="0" type="stmt"/>
        <line num="13" count="0" type="stmt"/>
      </file>
    </package>
    <package name="src.components.App">
      <metrics statements="8" coveredstatements="8" conditionals="5" coveredconditionals="3" methods="3" coveredmethods="3"/>
      <file name="app.jsx" path="C:\Users\mvibhaga\Documents\XT\xt-flt-pre\src\components\App\app.jsx">
        <metrics statements="8" coveredstatements="8" conditionals="5" coveredconditionals="3" methods="3" coveredmethods="3"/>
        <line num="11" count="1" type="stmt"/>
        <line num="12" count="2" type="stmt"/>
        <line num="13" count="1" type="stmt"/>
        <line num="14" count="1" type="stmt"/>
        <line num="16" count="1" type="stmt"/>
        <line num="18" count="1" type="cond" truecount="1" falsecount="0"/>
        <line num="19" count="1" type="stmt"/>
        <line num="23" count="1" type="cond" truecount="2" falsecount="2"/>
      </file>
    </package>
    <package name="src.components.CharacterCard">
      <metrics statements="2" coveredstatements="2" conditionals="0" coveredconditionals="0" methods="1" coveredmethods="1"/>
      <file name="CharacterCard.jsx" path="C:\Users\mvibhaga\Documents\XT\xt-flt-pre\src\components\CharacterCard\CharacterCard.jsx">
        <metrics statements="2" coveredstatements="2" conditionals="0" coveredconditionals="0" methods="1" coveredmethods="1"/>
        <line num="5" count="3" type="stmt"/>
        <line num="6" count="5" type="stmt"/>
      </file>
    </package>
    <package name="src.components.CharacterList">
      <metrics statements="3" coveredstatements="3" conditionals="0" coveredconditionals="0" methods="2" coveredmethods="2"/>
      <file name="CharacterList.jsx" path="C:\Users\mvibhaga\Documents\XT\xt-flt-pre\src\components\CharacterList\CharacterList.jsx">
        <metrics statements="3" coveredstatements="3" conditionals="0" coveredconditionals="0" methods="2" coveredmethods="2"/>
        <line num="6" count="2" type="stmt"/>
        <line num="7" count="1" type="stmt"/>
        <line num="10" count="4" type="stmt"/>
      </file>
    </package>
    <package name="src.components.Filters">
      <metrics statements="10" coveredstatements="7" conditionals="2" coveredconditionals="1" methods="5" coveredmethods="4"/>
      <file name="Filters.jsx" path="C:\Users\mvibhaga\Documents\XT\xt-flt-pre\src\components\Filters\Filters.jsx">
        <metrics statements="10" coveredstatements="7" conditionals="2" coveredconditionals="1" methods="5" coveredmethods="4"/>
        <line num="10" count="3" type="stmt"/>
        <line num="11" count="8" type="stmt"/>
        <line num="12" count="4" type="stmt"/>
        <line num="14" count="4" type="stmt"/>
        <line num="15" count="4" type="cond" truecount="1" falsecount="1"/>
        <line num="16" count="0" type="stmt"/>
        <line num="17" count="0" type="stmt"/>
        <line num="21" count="4" type="stmt"/>
        <line num="24" count="12" type="stmt"/>
        <line num="27" count="0" type="stmt"/>
      </file>
    </package>
    <package name="src.components.Search">
      <metrics statements="6" coveredstatements="4" conditionals="0" coveredconditionals="0" methods="3" coveredmethods="1"/>
      <file name="Search.jsx" path="C:\Users\mvibhaga\Documents\XT\xt-flt-pre\src\components\Search\Search.jsx">
        <metrics statements="6" coveredstatements="4" conditionals="0" coveredconditionals="0" methods="3" coveredmethods="1"/>
        <line num="8" count="2" type="stmt"/>
        <line num="9" count="1" type="stmt"/>
        <line num="10" count="1" type="stmt"/>
        <line num="12" count="1" type="stmt"/>
        <line num="19" count="0" type="stmt"/>
        <line num="23" count="0" type="stmt"/>
      </file>
    </package>
    <package name="src.components.SidePanel">
      <metrics statements="4" coveredstatements="4" conditionals="0" coveredconditionals="0" methods="2" coveredmethods="2"/>
      <file name="SidePanel.jsx" path="C:\Users\mvibhaga\Documents\XT\xt-flt-pre\src\components\SidePanel\SidePanel.jsx">
        <metrics statements="4" coveredstatements="4" conditionals="0" coveredconditionals="0" methods="2" coveredmethods="2"/>
        <line num="4" count="2" type="stmt"/>
        <line num="21" count="2" type="stmt"/>
        <line num="22" count="1" type="stmt"/>
        <line num="23" count="3" type="stmt"/>
      </file>
    </package>
    <package name="src.components.Sort">
      <metrics statements="5" coveredstatements="3" conditionals="0" coveredconditionals="0" methods="3" coveredmethods="1"/>
      <file name="Sort.jsx" path="C:\Users\mvibhaga\Documents\XT\xt-flt-pre\src\components\Sort\Sort.jsx">
        <metrics statements="5" coveredstatements="3" conditionals="0" coveredconditionals="0" methods="3" coveredmethods="1"/>
        <line num="8" count="2" type="stmt"/>
        <line num="9" count="1" type="stmt"/>
        <line num="10" count="1" type="stmt"/>
        <line num="12" count="0" type="stmt"/>
        <line num="13" count="0" type="stmt"/>
      </file>
    </package>
    <package name="src.redux">
      <metrics statements="6" coveredstatements="4" conditionals="0" coveredconditionals="0" methods="1" coveredmethods="0"/>
      <file name="actionTypes.js" path="C:\Users\mvibhaga\Documents\XT\xt-flt-pre\src\redux\actionTypes.js">
        <metrics statements="4" coveredstatements="4" conditionals="0" coveredconditionals="0" methods="0" coveredmethods="0"/>
        <line num="1" count="8" type="stmt"/>
        <line num="2" count="8" type="stmt"/>
        <line num="3" count="8" type="stmt"/>
        <line num="4" count="8" type="stmt"/>
      </file>
      <file name="configureStore.js" path="C:\Users\mvibhaga\Documents\XT\xt-flt-pre\src\redux\configureStore.js">
        <metrics statements="2" coveredstatements="0" conditionals="0" coveredconditionals="0" methods="1" coveredmethods="0"/>
        <line num="5" count="0" type="stmt"/>
        <line num="6" count="0" type="stmt"/>
      </file>
    </package>
    <package name="src.redux.actions">
      <metrics statements="4" coveredstatements="4" conditionals="0" coveredconditionals="0" methods="4" coveredmethods="4"/>
      <file name="fetchData.js" path="C:\Users\mvibhaga\Documents\XT\xt-flt-pre\src\redux\actions\fetchData.js">
        <metrics statements="2" coveredstatements="2" conditionals="0" coveredconditionals="0" methods="2" coveredmethods="2"/>
        <line num="2" count="5" type="stmt"/>
        <line num="7" count="5" type="stmt"/>
      </file>
      <file name="userActions.js" path="C:\Users\mvibhaga\Documents\XT\xt-flt-pre\src\redux\actions\userActions.js">
        <metrics statements="2" coveredstatements="2" conditionals="0" coveredconditionals="0" methods="2" coveredmethods="2"/>
        <line num="3" count="5" type="stmt"/>
        <line num="8" count="5" type="stmt"/>
      </file>
    </package>
    <package name="src.redux.reducers">
      <metrics statements="12" coveredstatements="12" conditionals="6" coveredconditionals="5" methods="1" coveredmethods="1"/>
      <file name="fetchData.js" path="C:\Users\mvibhaga\Documents\XT\xt-flt-pre\src\redux\reducers\fetchData.js">
        <metrics statements="12" coveredstatements="12" conditionals="6" coveredconditionals="5" methods="1" coveredmethods="1"/>
        <line num="5" count="1" type="stmt"/>
        <line num="17" count="1" type="cond" truecount="0" falsecount="1"/>
        <line num="18" count="5" type="cond" truecount="5" falsecount="0"/>
        <line num="20" count="1" type="stmt"/>
        <line num="28" count="1" type="stmt"/>
        <line num="35" count="1" type="stmt"/>
        <line num="36" count="1" type="stmt"/>
        <line num="37" count="1" type="stmt"/>
        <line num="45" count="1" type="stmt"/>
        <line num="46" count="1" type="stmt"/>
        <line num="47" count="1" type="stmt"/>
        <line num="53" count="1" type="stmt"/>
      </file>
      <file name="index.js" path="C:\Users\mvibhaga\Documents\XT\xt-flt-pre\src\redux\reducers\index.js">
        <metrics statements="0" coveredstatements="0" conditionals="0" coveredconditionals="0" methods="0" coveredmethods="0"/>
      </file>
    </package>
    <package name="src.utils">
      <metrics statements="18" coveredstatements="16" conditionals="6" coveredconditionals="4" methods="10" coveredmethods="8"/>
      <file name="api.js" path="C:\Users\mvibhaga\Documents\XT\xt-flt-pre\src\utils\api.js">
        <metrics statements="6" coveredstatements="4" conditionals="1" coveredconditionals="0" methods="4" coveredmethods="2"/>
        <line num="5" count="4" type="stmt"/>
        <line num="11" count="4" type="cond" truecount="0" falsecount="1"/>
        <line num="12" count="1" type="stmt"/>
        <line num="13" count="1" type="stmt"/>
        <line num="15" count="0" type="stmt"/>
        <line num="18" count="0" type="stmt"/>
      </file>
      <file name="arrayHelpers.js" path="C:\Users\mvibhaga\Documents\XT\xt-flt-pre\src\utils\arrayHelpers.js">
        <metrics statements="2" coveredstatements="2" conditionals="1" coveredconditionals="0" methods="2" coveredmethods="2"/>
        <line num="1" count="2" type="cond" truecount="0" falsecount="1"/>
        <line num="2" count="15" type="stmt"/>
      </file>
      <file name="constants.js" path="C:\Users\mvibhaga\Documents\XT\xt-flt-pre\src\utils\constants.js">
        <metrics statements="3" coveredstatements="3" conditionals="0" coveredconditionals="0" methods="0" coveredmethods="0"/>
        <line num="1" count="4" type="stmt"/>
        <line num="2" count="4" type="stmt"/>
        <line num="3" count="4" type="stmt"/>
      </file>
      <file name="index.js" path="C:\Users\mvibhaga\Documents\XT\xt-flt-pre\src\utils\index.js">
        <metrics statements="7" coveredstatements="7" conditionals="4" coveredconditionals="4" methods="4" coveredmethods="4"/>
        <line num="1" count="5" type="stmt"/>
        <line num="2" count="3" type="stmt"/>
        <line num="3" count="3" type="cond" truecount="2" falsecount="0"/>
        <line num="5" count="3" type="stmt"/>
        <line num="8" count="5" type="stmt"/>
        <line num="9" count="1" type="stmt"/>
        <line num="10" count="3" type="cond" truecount="2" falsecount="0"/>
      </file>
    </package>
  </project>
</coverage>
