{"C:\\Users\\mvibhaga\\Documents\\XT\\xt-flt-pre\\src\\index.js": {"path":"C:\\Users\\mvibhaga\\Documents\\XT\\xt-flt-pre\\src\\index.js","statementMap":{"0":{"start":{"line":7,"column":14},"end":{"line":7,"column":30}},"1":{"start":{"line":13,"column":0},"end":{"line":17,"column":35}}},"fnMap":{},"branchMap":{},"s":{"0":0,"1":0},"f":{},"b":{}}
,"C:\\Users\\mvibhaga\\Documents\\XT\\xt-flt-pre\\src\\components\\App\\app.jsx": {"path":"C:\\Users\\mvibhaga\\Documents\\XT\\xt-flt-pre\\src\\components\\App\\app.jsx","statementMap":{"0":{"start":{"line":11,"column":12},"end":{"line":43,"column":1}},"1":{"start":{"line":12,"column":19},"end":{"line":12,"column":56}},"2":{"start":{"line":12,"column":40},"end":{"line":12,"column":55}},"3":{"start":{"line":13,"column":21},"end":{"line":13,"column":34}},"4":{"start":{"line":14,"column":19},"end":{"line":14,"column":32}},"5":{"start":{"line":16,"column":2},"end":{"line":21,"column":5}},"6":{"start":{"line":18,"column":4},"end":{"line":20,"column":5}},"7":{"start":{"line":19,"column":6},"end":{"line":19,"column":71}},"8":{"start":{"line":23,"column":2},"end":{"line":42,"column":4}}},"fnMap":{"0":{"name":"(anonymous_0)","decl":{"start":{"line":11,"column":12},"end":{"line":11,"column":13}},"loc":{"start":{"line":11,"column":18},"end":{"line":43,"column":1}},"line":11},"1":{"name":"(anonymous_1)","decl":{"start":{"line":12,"column":31},"end":{"line":12,"column":32}},"loc":{"start":{"line":12,"column":40},"end":{"line":12,"column":55}},"line":12},"2":{"name":"(anonymous_2)","decl":{"start":{"line":16,"column":12},"end":{"line":16,"column":13}},"loc":{"start":{"line":16,"column":18},"end":{"line":21,"column":3}},"line":16}},"branchMap":{"0":{"loc":{"start":{"line":18,"column":4},"end":{"line":20,"column":5}},"type":"if","locations":[{"start":{"line":18,"column":4},"end":{"line":20,"column":5}}],"line":18},"1":{"loc":{"start":{"line":23,"column":9},"end":{"line":42,"column":3}},"type":"cond-expr","locations":[{"start":{"line":24,"column":4},"end":{"line":37,"column":10}},{"start":{"line":39,"column":4},"end":{"line":41,"column":10}}],"line":23},"2":{"loc":{"start":{"line":23,"column":9},"end":{"line":23,"column":44}},"type":"binary-expr","locations":[{"start":{"line":23,"column":9},"end":{"line":23,"column":19}},{"start":{"line":23,"column":23},"end":{"line":23,"column":44}}],"line":23}},"s":{"0":1,"1":1,"2":2,"3":1,"4":1,"5":1,"6":1,"7":1,"8":1},"f":{"0":1,"1":2,"2":1},"b":{"0":[1],"1":[0,1],"2":[1,0]},"_coverageSchema":"1a1c01bbd47fc00a2c39e90264f33305004495a9","hash":"ff65c0c85350aa5acbfd69682d63148efa6fb676"}
,"C:\\Users\\mvibhaga\\Documents\\XT\\xt-flt-pre\\src\\components\\CharacterCard\\CharacterCard.jsx": {"path":"C:\\Users\\mvibhaga\\Documents\\XT\\xt-flt-pre\\src\\components\\CharacterCard\\CharacterCard.jsx","statementMap":{"0":{"start":{"line":5,"column":22},"end":{"line":24,"column":1}},"1":{"start":{"line":6,"column":2},"end":{"line":23,"column":8}}},"fnMap":{"0":{"name":"(anonymous_0)","decl":{"start":{"line":5,"column":22},"end":{"line":5,"column":23}},"loc":{"start":{"line":5,"column":80},"end":{"line":24,"column":1}},"line":5}},"branchMap":{},"s":{"0":3,"1":5},"f":{"0":5},"b":{},"_coverageSchema":"1a1c01bbd47fc00a2c39e90264f33305004495a9","hash":"9efcee23f299bd773b917ba3d7b994606121d109"}
,"C:\\Users\\mvibhaga\\Documents\\XT\\xt-flt-pre\\src\\components\\CharacterList\\CharacterList.jsx": {"path":"C:\\Users\\mvibhaga\\Documents\\XT\\xt-flt-pre\\src\\components\\CharacterList\\CharacterList.jsx","statementMap":{"0":{"start":{"line":6,"column":22},"end":{"line":16,"column":1}},"1":{"start":{"line":7,"column":2},"end":{"line":15,"column":4}},"2":{"start":{"line":10,"column":10},"end":{"line":12,"column":16}}},"fnMap":{"0":{"name":"(anonymous_0)","decl":{"start":{"line":6,"column":22},"end":{"line":6,"column":23}},"loc":{"start":{"line":6,"column":42},"end":{"line":16,"column":1}},"line":6},"1":{"name":"(anonymous_1)","decl":{"start":{"line":9,"column":23},"end":{"line":9,"column":24}},"loc":{"start":{"line":10,"column":10},"end":{"line":12,"column":16}},"line":10}},"branchMap":{},"s":{"0":2,"1":1,"2":4},"f":{"0":1,"1":4},"b":{},"_coverageSchema":"1a1c01bbd47fc00a2c39e90264f33305004495a9","hash":"028a720599dda4efd42e93c3a7bfead5aefd9f46"}
,"C:\\Users\\mvibhaga\\Documents\\XT\\xt-flt-pre\\src\\components\\Filters\\Filters.jsx": {"path":"C:\\Users\\mvibhaga\\Documents\\XT\\xt-flt-pre\\src\\components\\Filters\\Filters.jsx","statementMap":{"0":{"start":{"line":10,"column":16},"end":{"line":33,"column":1}},"1":{"start":{"line":11,"column":40},"end":{"line":11,"column":78}},"2":{"start":{"line":11,"column":62},"end":{"line":11,"column":77}},"3":{"start":{"line":12,"column":19},"end":{"line":12,"column":32}},"4":{"start":{"line":14,"column":2},"end":{"line":19,"column":5}},"5":{"start":{"line":15,"column":4},"end":{"line":18,"column":5}},"6":{"start":{"line":16,"column":20},"end":{"line":16,"column":67}},"7":{"start":{"line":17,"column":6},"end":{"line":17,"column":64}},"8":{"start":{"line":21,"column":2},"end":{"line":32,"column":8}},"9":{"start":{"line":24,"column":6},"end":{"line":30,"column":15}},"10":{"start":{"line":27,"column":22},"end":{"line":27,"column":60}}},"fnMap":{"0":{"name":"(anonymous_0)","decl":{"start":{"line":10,"column":16},"end":{"line":10,"column":17}},"loc":{"start":{"line":10,"column":46},"end":{"line":33,"column":1}},"line":10},"1":{"name":"(anonymous_1)","decl":{"start":{"line":11,"column":53},"end":{"line":11,"column":54}},"loc":{"start":{"line":11,"column":62},"end":{"line":11,"column":77}},"line":11},"2":{"name":"(anonymous_2)","decl":{"start":{"line":14,"column":12},"end":{"line":14,"column":13}},"loc":{"start":{"line":14,"column":18},"end":{"line":19,"column":3}},"line":14},"3":{"name":"(anonymous_3)","decl":{"start":{"line":23,"column":21},"end":{"line":23,"column":22}},"loc":{"start":{"line":24,"column":6},"end":{"line":30,"column":15}},"line":24},"4":{"name":"(anonymous_4)","decl":{"start":{"line":27,"column":17},"end":{"line":27,"column":18}},"loc":{"start":{"line":27,"column":22},"end":{"line":27,"column":60}},"line":27}},"branchMap":{"0":{"loc":{"start":{"line":15,"column":4},"end":{"line":18,"column":5}},"type":"if","locations":[{"start":{"line":15,"column":4},"end":{"line":18,"column":5}},{"start":{"line":15,"column":4},"end":{"line":18,"column":5}}],"line":15}},"s":{"0":3,"1":4,"2":8,"3":4,"4":4,"5":4,"6":0,"7":0,"8":4,"9":12,"10":0},"f":{"0":4,"1":8,"2":4,"3":12,"4":0},"b":{"0":[0,4]},"_coverageSchema":"1a1c01bbd47fc00a2c39e90264f33305004495a9","hash":"ee020db74c0093e2628c88852426877d76c4c346"}
,"C:\\Users\\mvibhaga\\Documents\\XT\\xt-flt-pre\\src\\components\\Search\\Search.jsx": {"path":"C:\\Users\\mvibhaga\\Documents\\XT\\xt-flt-pre\\src\\components\\Search\\Search.jsx","statementMap":{"0":{"start":{"line":8,"column":15},"end":{"line":28,"column":1}},"1":{"start":{"line":9,"column":38},"end":{"line":9,"column":48}},"2":{"start":{"line":10,"column":19},"end":{"line":10,"column":32}},"3":{"start":{"line":12,"column":2},"end":{"line":27,"column":8}},"4":{"start":{"line":19,"column":22},"end":{"line":19,"column":51}},"5":{"start":{"line":23,"column":21},"end":{"line":23,"column":104}}},"fnMap":{"0":{"name":"(anonymous_0)","decl":{"start":{"line":8,"column":15},"end":{"line":8,"column":16}},"loc":{"start":{"line":8,"column":21},"end":{"line":28,"column":1}},"line":8},"1":{"name":"(anonymous_1)","decl":{"start":{"line":19,"column":17},"end":{"line":19,"column":18}},"loc":{"start":{"line":19,"column":22},"end":{"line":19,"column":51}},"line":19},"2":{"name":"(anonymous_2)","decl":{"start":{"line":23,"column":15},"end":{"line":23,"column":16}},"loc":{"start":{"line":23,"column":21},"end":{"line":23,"column":104}},"line":23}},"branchMap":{},"s":{"0":2,"1":1,"2":1,"3":1,"4":0,"5":0},"f":{"0":1,"1":0,"2":0},"b":{},"_coverageSchema":"1a1c01bbd47fc00a2c39e90264f33305004495a9","hash":"0460bb4903d150ed8f95cbdf1cd424921acb698d"}
,"C:\\Users\\mvibhaga\\Documents\\XT\\xt-flt-pre\\src\\components\\SidePanel\\SidePanel.jsx": {"path":"C:\\Users\\mvibhaga\\Documents\\XT\\xt-flt-pre\\src\\components\\SidePanel\\SidePanel.jsx","statementMap":{"0":{"start":{"line":4,"column":16},"end":{"line":20,"column":1}},"1":{"start":{"line":21,"column":18},"end":{"line":25,"column":1}},"2":{"start":{"line":22,"column":2},"end":{"line":24,"column":8}},"3":{"start":{"line":23,"column":36},"end":{"line":23,"column":58}}},"fnMap":{"0":{"name":"(anonymous_0)","decl":{"start":{"line":21,"column":18},"end":{"line":21,"column":19}},"loc":{"start":{"line":21,"column":24},"end":{"line":25,"column":1}},"line":21},"1":{"name":"(anonymous_1)","decl":{"start":{"line":23,"column":17},"end":{"line":23,"column":18}},"loc":{"start":{"line":23,"column":36},"end":{"line":23,"column":58}},"line":23}},"branchMap":{},"s":{"0":2,"1":2,"2":1,"3":3},"f":{"0":1,"1":3},"b":{},"_coverageSchema":"1a1c01bbd47fc00a2c39e90264f33305004495a9","hash":"5b17344c5ea5e35f2dada69fc4354e7ddae3c4fc"}
,"C:\\Users\\mvibhaga\\Documents\\XT\\xt-flt-pre\\src\\components\\Sort\\Sort.jsx": {"path":"C:\\Users\\mvibhaga\\Documents\\XT\\xt-flt-pre\\src\\components\\Sort\\Sort.jsx","statementMap":{"0":{"start":{"line":8,"column":13},"end":{"line":15,"column":1}},"1":{"start":{"line":9,"column":19},"end":{"line":9,"column":32}},"2":{"start":{"line":10,"column":2},"end":{"line":14,"column":9}},"3":{"start":{"line":12,"column":52},"end":{"line":12,"column":73}},"4":{"start":{"line":13,"column":52},"end":{"line":13,"column":74}}},"fnMap":{"0":{"name":"(anonymous_0)","decl":{"start":{"line":8,"column":13},"end":{"line":8,"column":14}},"loc":{"start":{"line":8,"column":19},"end":{"line":15,"column":1}},"line":8},"1":{"name":"(anonymous_1)","decl":{"start":{"line":12,"column":46},"end":{"line":12,"column":47}},"loc":{"start":{"line":12,"column":52},"end":{"line":12,"column":73}},"line":12},"2":{"name":"(anonymous_2)","decl":{"start":{"line":13,"column":46},"end":{"line":13,"column":47}},"loc":{"start":{"line":13,"column":52},"end":{"line":13,"column":74}},"line":13}},"branchMap":{},"s":{"0":2,"1":1,"2":1,"3":0,"4":0},"f":{"0":1,"1":0,"2":0},"b":{},"_coverageSchema":"1a1c01bbd47fc00a2c39e90264f33305004495a9","hash":"3ccd6e2436aed57e55453a450e8a9884fa535f46"}
,"C:\\Users\\mvibhaga\\Documents\\XT\\xt-flt-pre\\src\\redux\\actionTypes.js": {"path":"C:\\Users\\mvibhaga\\Documents\\XT\\xt-flt-pre\\src\\redux\\actionTypes.js","statementMap":{"0":{"start":{"line":1,"column":34},"end":{"line":1,"column":54}},"1":{"start":{"line":2,"column":31},"end":{"line":2,"column":48}},"2":{"start":{"line":3,"column":26},"end":{"line":3,"column":38}},"3":{"start":{"line":4,"column":34},"end":{"line":4,"column":54}}},"fnMap":{},"branchMap":{},"s":{"0":8,"1":8,"2":8,"3":8},"f":{},"b":{},"_coverageSchema":"1a1c01bbd47fc00a2c39e90264f33305004495a9","hash":"9d719902fb42c62846b5fd4642836d9452fccc23"}
,"C:\\Users\\mvibhaga\\Documents\\XT\\xt-flt-pre\\src\\redux\\configureStore.js": {"path":"C:\\Users\\mvibhaga\\Documents\\XT\\xt-flt-pre\\src\\redux\\configureStore.js","statementMap":{"0":{"start":{"line":5,"column":23},"end":{"line":10,"column":1}},"1":{"start":{"line":6,"column":2},"end":{"line":9,"column":4}}},"fnMap":{"0":{"name":"(anonymous_0)","decl":{"start":{"line":5,"column":23},"end":{"line":5,"column":24}},"loc":{"start":{"line":5,"column":29},"end":{"line":10,"column":1}},"line":5}},"branchMap":{},"s":{"0":0,"1":0},"f":{"0":0},"b":{}}
,"C:\\Users\\mvibhaga\\Documents\\XT\\xt-flt-pre\\src\\redux\\actions\\fetchData.js": {"path":"C:\\Users\\mvibhaga\\Documents\\XT\\xt-flt-pre\\src\\redux\\actions\\fetchData.js","statementMap":{"0":{"start":{"line":2,"column":25},"end":{"line":5,"column":4}},"1":{"start":{"line":2,"column":37},"end":{"line":5,"column":3}},"2":{"start":{"line":7,"column":22},"end":{"line":10,"column":2}},"3":{"start":{"line":7,"column":34},"end":{"line":10,"column":1}}},"fnMap":{"0":{"name":"(anonymous_0)","decl":{"start":{"line":2,"column":25},"end":{"line":2,"column":26}},"loc":{"start":{"line":2,"column":37},"end":{"line":5,"column":3}},"line":2},"1":{"name":"(anonymous_1)","decl":{"start":{"line":7,"column":22},"end":{"line":7,"column":23}},"loc":{"start":{"line":7,"column":34},"end":{"line":10,"column":1}},"line":7}},"branchMap":{},"s":{"0":5,"1":1,"2":5,"3":1},"f":{"0":1,"1":1},"b":{},"_coverageSchema":"1a1c01bbd47fc00a2c39e90264f33305004495a9","hash":"c5422f4477d113ebee7f9700a88d523e50f39bea"}
,"C:\\Users\\mvibhaga\\Documents\\XT\\xt-flt-pre\\src\\redux\\actions\\userActions.js": {"path":"C:\\Users\\mvibhaga\\Documents\\XT\\xt-flt-pre\\src\\redux\\actions\\userActions.js","statementMap":{"0":{"start":{"line":3,"column":17},"end":{"line":6,"column":2}},"1":{"start":{"line":3,"column":29},"end":{"line":6,"column":1}},"2":{"start":{"line":8,"column":25},"end":{"line":11,"column":2}},"3":{"start":{"line":8,"column":37},"end":{"line":11,"column":1}}},"fnMap":{"0":{"name":"(anonymous_0)","decl":{"start":{"line":3,"column":17},"end":{"line":3,"column":18}},"loc":{"start":{"line":3,"column":29},"end":{"line":6,"column":1}},"line":3},"1":{"name":"(anonymous_1)","decl":{"start":{"line":8,"column":25},"end":{"line":8,"column":26}},"loc":{"start":{"line":8,"column":37},"end":{"line":11,"column":1}},"line":8}},"branchMap":{},"s":{"0":5,"1":1,"2":5,"3":1},"f":{"0":1,"1":1},"b":{},"_coverageSchema":"1a1c01bbd47fc00a2c39e90264f33305004495a9","hash":"74c1d8f53c945b7f6def84af56368ebd9b7edc08"}
,"C:\\Users\\mvibhaga\\Documents\\XT\\xt-flt-pre\\src\\redux\\reducers\\fetchData.js": {"path":"C:\\Users\\mvibhaga\\Documents\\XT\\xt-flt-pre\\src\\redux\\reducers\\fetchData.js","statementMap":{"0":{"start":{"line":5,"column":21},"end":{"line":15,"column":1}},"1":{"start":{"line":17,"column":18},"end":{"line":55,"column":1}},"2":{"start":{"line":18,"column":2},"end":{"line":54,"column":3}},"3":{"start":{"line":20,"column":6},"end":{"line":26,"column":7}},"4":{"start":{"line":28,"column":6},"end":{"line":33,"column":7}},"5":{"start":{"line":35,"column":36},"end":{"line":35,"column":41}},"6":{"start":{"line":36,"column":28},"end":{"line":36,"column":61}},"7":{"start":{"line":37,"column":6},"end":{"line":43,"column":7}},"8":{"start":{"line":45,"column":26},"end":{"line":45,"column":33}},"9":{"start":{"line":46,"column":29},"end":{"line":46,"column":72}},"10":{"start":{"line":47,"column":6},"end":{"line":51,"column":8}},"11":{"start":{"line":53,"column":6},"end":{"line":53,"column":19}}},"fnMap":{"0":{"name":"(anonymous_0)","decl":{"start":{"line":17,"column":18},"end":{"line":17,"column":19}},"loc":{"start":{"line":17,"column":63},"end":{"line":55,"column":1}},"line":17}},"branchMap":{"0":{"loc":{"start":{"line":17,"column":19},"end":{"line":17,"column":39}},"type":"default-arg","locations":[{"start":{"line":17,"column":27},"end":{"line":17,"column":39}}],"line":17},"1":{"loc":{"start":{"line":18,"column":2},"end":{"line":54,"column":3}},"type":"switch","locations":[{"start":{"line":19,"column":4},"end":{"line":26,"column":7}},{"start":{"line":27,"column":4},"end":{"line":33,"column":7}},{"start":{"line":34,"column":4},"end":{"line":43,"column":7}},{"start":{"line":44,"column":4},"end":{"line":51,"column":8}},{"start":{"line":52,"column":4},"end":{"line":53,"column":19}}],"line":18}},"s":{"0":1,"1":1,"2":5,"3":1,"4":1,"5":1,"6":1,"7":1,"8":1,"9":1,"10":1,"11":1},"f":{"0":5},"b":{"0":[0],"1":[1,1,1,1,1]},"_coverageSchema":"1a1c01bbd47fc00a2c39e90264f33305004495a9","hash":"1254994700743ca23eecf73171660ec39959f639"}
,"C:\\Users\\mvibhaga\\Documents\\XT\\xt-flt-pre\\src\\redux\\reducers\\index.js": {"path":"C:\\Users\\mvibhaga\\Documents\\XT\\xt-flt-pre\\src\\redux\\reducers\\index.js","statementMap":{},"fnMap":{},"branchMap":{},"s":{},"f":{},"b":{}}
,"C:\\Users\\mvibhaga\\Documents\\XT\\xt-flt-pre\\src\\utils\\api.js": {"path":"C:\\Users\\mvibhaga\\Documents\\XT\\xt-flt-pre\\src\\utils\\api.js","statementMap":{"0":{"start":{"line":5,"column":12},"end":{"line":9,"column":2}},"1":{"start":{"line":11,"column":16},"end":{"line":21,"column":1}},"2":{"start":{"line":12,"column":2},"end":{"line":20,"column":4}},"3":{"start":{"line":13,"column":4},"end":{"line":19,"column":9}},"4":{"start":{"line":15,"column":8},"end":{"line":15,"column":42}},"5":{"start":{"line":18,"column":8},"end":{"line":18,"column":31}}},"fnMap":{"0":{"name":"(anonymous_0)","decl":{"start":{"line":11,"column":16},"end":{"line":11,"column":17}},"loc":{"start":{"line":11,"column":69},"end":{"line":21,"column":1}},"line":11},"1":{"name":"(anonymous_1)","decl":{"start":{"line":12,"column":9},"end":{"line":12,"column":10}},"loc":{"start":{"line":12,"column":23},"end":{"line":20,"column":3}},"line":12},"2":{"name":"(anonymous_2)","decl":{"start":{"line":14,"column":12},"end":{"line":14,"column":13}},"loc":{"start":{"line":14,"column":24},"end":{"line":16,"column":7}},"line":14},"3":{"name":"(anonymous_3)","decl":{"start":{"line":17,"column":13},"end":{"line":17,"column":14}},"loc":{"start":{"line":17,"column":22},"end":{"line":19,"column":7}},"line":17}},"branchMap":{"0":{"loc":{"start":{"line":11,"column":17},"end":{"line":11,"column":45}},"type":"default-arg","locations":[{"start":{"line":11,"column":28},"end":{"line":11,"column":45}}],"line":11}},"s":{"0":4,"1":4,"2":1,"3":1,"4":0,"5":0},"f":{"0":1,"1":1,"2":0,"3":0},"b":{"0":[0]},"_coverageSchema":"1a1c01bbd47fc00a2c39e90264f33305004495a9","hash":"108d0f410a74f0cf817d0ef1f2764a5f7c1d44ed"}
,"C:\\Users\\mvibhaga\\Documents\\XT\\xt-flt-pre\\src\\utils\\arrayHelpers.js": {"path":"C:\\Users\\mvibhaga\\Documents\\XT\\xt-flt-pre\\src\\utils\\arrayHelpers.js","statementMap":{"0":{"start":{"line":1,"column":18},"end":{"line":2,"column":63}},"1":{"start":{"line":2,"column":2},"end":{"line":2,"column":63}},"2":{"start":{"line":2,"column":31},"end":{"line":2,"column":62}}},"fnMap":{"0":{"name":"(anonymous_0)","decl":{"start":{"line":1,"column":18},"end":{"line":1,"column":19}},"loc":{"start":{"line":2,"column":2},"end":{"line":2,"column":63}},"line":2},"1":{"name":"(anonymous_1)","decl":{"start":{"line":2,"column":13},"end":{"line":2,"column":14}},"loc":{"start":{"line":2,"column":31},"end":{"line":2,"column":62}},"line":2}},"branchMap":{"0":{"loc":{"start":{"line":1,"column":19},"end":{"line":1,"column":28}},"type":"default-arg","locations":[{"start":{"line":1,"column":26},"end":{"line":1,"column":28}}],"line":1}},"s":{"0":2,"1":3,"2":15},"f":{"0":3,"1":15},"b":{"0":[0]},"_coverageSchema":"1a1c01bbd47fc00a2c39e90264f33305004495a9","hash":"7e28bb13e7db29573d809ab7babf46fd93e48e79"}
,"C:\\Users\\mvibhaga\\Documents\\XT\\xt-flt-pre\\src\\utils\\constants.js": {"path":"C:\\Users\\mvibhaga\\Documents\\XT\\xt-flt-pre\\src\\utils\\constants.js","statementMap":{"0":{"start":{"line":1,"column":23},"end":{"line":1,"column":56}},"1":{"start":{"line":2,"column":33},"end":{"line":2,"column":45}},"2":{"start":{"line":3,"column":28},"end":{"line":3,"column":32}}},"fnMap":{},"branchMap":{},"s":{"0":4,"1":4,"2":4},"f":{},"b":{},"_coverageSchema":"1a1c01bbd47fc00a2c39e90264f33305004495a9","hash":"239203c6872b66e3696aca4d7233fb1a70e308cc"}
,"C:\\Users\\mvibhaga\\Documents\\XT\\xt-flt-pre\\src\\utils\\index.js": {"path":"C:\\Users\\mvibhaga\\Documents\\XT\\xt-flt-pre\\src\\utils\\index.js","statementMap":{"0":{"start":{"line":1,"column":24},"end":{"line":6,"column":1}},"1":{"start":{"line":2,"column":24},"end":{"line":2,"column":79}},"2":{"start":{"line":2,"column":64},"end":{"line":2,"column":78}},"3":{"start":{"line":3,"column":4},"end":{"line":4,"column":87}},"4":{"start":{"line":5,"column":4},"end":{"line":5,"column":23}},"5":{"start":{"line":8,"column":28},"end":{"line":13,"column":5}},"6":{"start":{"line":9,"column":2},"end":{"line":13,"column":5}},"7":{"start":{"line":10,"column":4},"end":{"line":12,"column":11}}},"fnMap":{"0":{"name":"(anonymous_0)","decl":{"start":{"line":1,"column":24},"end":{"line":1,"column":25}},"loc":{"start":{"line":1,"column":58},"end":{"line":6,"column":1}},"line":1},"1":{"name":"(anonymous_1)","decl":{"start":{"line":2,"column":56},"end":{"line":2,"column":57}},"loc":{"start":{"line":2,"column":64},"end":{"line":2,"column":78}},"line":2},"2":{"name":"(anonymous_2)","decl":{"start":{"line":8,"column":28},"end":{"line":8,"column":29}},"loc":{"start":{"line":9,"column":2},"end":{"line":13,"column":5}},"line":9},"3":{"name":"(anonymous_3)","decl":{"start":{"line":9,"column":31},"end":{"line":9,"column":32}},"loc":{"start":{"line":10,"column":4},"end":{"line":12,"column":11}},"line":10}},"branchMap":{"0":{"loc":{"start":{"line":3,"column":4},"end":{"line":4,"column":86}},"type":"cond-expr","locations":[{"start":{"line":4,"column":6},"end":{"line":4,"column":50}},{"start":{"line":4,"column":53},"end":{"line":4,"column":86}}],"line":3},"1":{"loc":{"start":{"line":10,"column":4},"end":{"line":12,"column":11}},"type":"cond-expr","locations":[{"start":{"line":11,"column":6},"end":{"line":11,"column":93}},{"start":{"line":12,"column":6},"end":{"line":12,"column":11}}],"line":10}},"s":{"0":5,"1":3,"2":3,"3":3,"4":3,"5":5,"6":1,"7":3},"f":{"0":3,"1":3,"2":1,"3":3},"b":{"0":[1,2],"1":[2,1]},"_coverageSchema":"1a1c01bbd47fc00a2c39e90264f33305004495a9","hash":"70cbe74d9b25821ec25bafeb5517d640b3e82e6d"}
}
